  Supermercado_final.cpp
C:\Users\Usuario\Desktop\proyecto final\Supermercado_final\Supermercado_final\Supermercado_final.cpp(8,10): warning C4067: símbolos (token) inesperados después de la directiva del preprocesador; se esperaba una nueva línea
C:\Users\Usuario\Desktop\proyecto final\Supermercado_final\Supermercado_final\Venta.h(114,14): warning C4101: 'resultado': variable local sin referencia
C:\Users\Usuario\Desktop\proyecto final\Supermercado_final\Supermercado_final\Venta.h(111,7): warning C4101: 'q_estado': variable local sin referencia
C:\Users\Usuario\Desktop\proyecto final\Supermercado_final\Supermercado_final\Venta.h(113,13): warning C4101: 'fila': variable local sin referencia
C:\Users\Usuario\Desktop\proyecto final\Supermercado_final\Supermercado_final\Venta.h(129,14): warning C4101: 'resultado': variable local sin referencia
C:\Users\Usuario\Desktop\proyecto final\Supermercado_final\Supermercado_final\Venta.h(126,7): warning C4101: 'q_estado': variable local sin referencia
C:\Users\Usuario\Desktop\proyecto final\Supermercado_final\Supermercado_final\Venta.h(128,13): warning C4101: 'fila': variable local sin referencia
C:\Users\Usuario\Desktop\proyecto final\Supermercado_final\Supermercado_final\Compra.h(102,14): warning C4101: 'resultado': variable local sin referencia
C:\Users\Usuario\Desktop\proyecto final\Supermercado_final\Supermercado_final\Compra.h(99,7): warning C4101: 'q_estado': variable local sin referencia
C:\Users\Usuario\Desktop\proyecto final\Supermercado_final\Supermercado_final\Compra.h(101,13): warning C4101: 'fila': variable local sin referencia
C:\Users\Usuario\Desktop\proyecto final\Supermercado_final\Supermercado_final\Compra.h(117,14): warning C4101: 'resultado': variable local sin referencia
C:\Users\Usuario\Desktop\proyecto final\Supermercado_final\Supermercado_final\Compra.h(114,7): warning C4101: 'q_estado': variable local sin referencia
C:\Users\Usuario\Desktop\proyecto final\Supermercado_final\Supermercado_final\Compra.h(116,13): warning C4101: 'fila': variable local sin referencia
  Generando código
  1 of 217 functions ( 0.5%) were compiled, the rest were copied from previous compilation.
    0 functions were new in current compilation
    0 functions had inline decision re-evaluated but remain unchanged
  Generación de código finalizada
  Supermercado_final.vcxproj -> C:\Users\Usuario\Desktop\proyecto final\Supermercado_final\x64\Release\Supermercado_final.exe
